<?xml version="1.0" encoding="UTF-8"?>
<!-- Generated by org.testng.reporters.JUnitReportReporter -->
<testsuite hostname="LAPTOP-L08N3MBO" failures="0" tests="1" name="com.maven.Class1" time="6.772" errors="0" timestamp="2025-01-21T16:52:35 TOT" skipped="0">
  <testcase classname="com.maven.Class1" name="login" time="6.772"/>
</testsuite> <!-- com.maven.Class1 -->
