<?xml version="1.0" encoding="UTF-8"?>
<!-- Generated by org.testng.reporters.JUnitReportReporter -->
<testsuite hostname="LAPTOP-L08N3MBO" failures="0" tests="1" name="com.maven.Class1" time="7.065" errors="0" timestamp="2025-01-22T15:16:27 TOT" skipped="0">
  <testcase classname="com.maven.Class1" name="login" time="7.065"/>
</testsuite> <!-- com.maven.Class1 -->
